<?xml version="1.0" encoding="UTF-8"?>
<!-- Generated by org.testng.reporters.JUnitReportReporter -->
<testsuite skipped="0" hostname="Glenns-HP" name="databaseTest.DatabaseTestMain" tests="2" failures="0" timestamp="23 Apr 2018 11:35:57 GMT" time="3.797" errors="0">
  <testcase name="dbtest2" time="0.035" classname="databaseTest.DatabaseTestMain"/>
  <testcase name="dbtest" time="3.762" classname="databaseTest.DatabaseTestMain"/>
</testsuite> <!-- databaseTest.DatabaseTestMain -->
