<?xml version="1.0" encoding="UTF-8"?>
<!-- Generated by org.testng.reporters.JUnitReportReporter -->
<testsuite skipped="0" hostname="Glenns-HP" name="databaseTest.DatabaseTestMain" tests="1" failures="0" timestamp="23 Apr 2018 08:56:00 GMT" time="3.841" errors="0">
  <testcase name="dbtest" time="3.841" classname="databaseTest.DatabaseTestMain"/>
</testsuite> <!-- databaseTest.DatabaseTestMain -->
